Using pre-set license
Built from '2020.3/staging' branch; Version is '2020.3.0f1 (c7b5465681fb) revision 13088070'; Using compiler version '192528614'; Build Type 'Release'
OS: 'Windows 10 Enterprise LTSC 2019; OS build 17763.1817; Version 1809; 64bit' Language: 'ru' Physical Memory: 16233 MB
BatchMode: 1, IsHumanControllingUs: 0, StartBugReporterOnCrash: 0, Is64bit: 1, IsPro: 0

 COMMAND LINE ARGUMENTS:
C:\Program Files\Unity\Hub\Editor\2020.3.0f1\Editor\Unity.exe
-adb2
-batchMode
-noUpm
-name
AssetImportWorker0
-projectPath
C:/Users/Pannatuck/Desktop/HungryHoleGame
-logFile
Logs/AssetImportWorker0.log
-srvPort
60250
Successfully changed project path to: C:/Users/Pannatuck/Desktop/HungryHoleGame
C:/Users/Pannatuck/Desktop/HungryHoleGame
Using Asset Import Pipeline V2.
Refreshing native plugins compatible for Editor in 28.70 ms, found 0 plugins.
Preloading 0 native plugins for Editor in 0.00 ms.
Initialize engine version: 2020.3.0f1 (c7b5465681fb)
[Subsystems] Discovering subsystems at path C:/Program Files/Unity/Hub/Editor/2020.3.0f1/Editor/Data/Resources/UnitySubsystems
[Subsystems] Discovering subsystems at path C:/Users/Pannatuck/Desktop/HungryHoleGame/Assets
GfxDevice: creating device client; threaded=0
Direct3D:
    Version:  Direct3D 11.0 [level 11.1]
    Renderer: NVIDIA GeForce GTX 1660 Ti (ID=0x2191)
    Vendor:   
    VRAM:     5991 MB
    Driver:   27.21.14.5763
Initialize mono
Mono path[0] = 'C:/Program Files/Unity/Hub/Editor/2020.3.0f1/Editor/Data/Managed'
Mono path[1] = 'C:/Program Files/Unity/Hub/Editor/2020.3.0f1/Editor/Data/MonoBleedingEdge/lib/mono/unityjit'
Mono config path = 'C:/Program Files/Unity/Hub/Editor/2020.3.0f1/Editor/Data/MonoBleedingEdge/etc'
Using monoOptions --debugger-agent=transport=dt_socket,embedding=1,server=y,suspend=n,address=127.0.0.1:56700
Begin MonoManager ReloadAssembly
Registering precompiled unity dll's ...
Register platform support module: C:/Program Files/Unity/Hub/Editor/2020.3.0f1/Editor/Data/PlaybackEngines/WebGLSupport/UnityEditor.WebGL.Extensions.dll
Register platform support module: C:/Program Files/Unity/Hub/Editor/2020.3.0f1/Editor/Data/PlaybackEngines/WindowsStandaloneSupport/UnityEditor.WindowsStandalone.Extensions.dll
Registered in 0.002912 seconds.
Native extension for WindowsStandalone target not found
Native extension for WebGL target not found
Refreshing native plugins compatible for Editor in 29.46 ms, found 0 plugins.
Preloading 0 native plugins for Editor in 0.02 ms.
Invoked RoslynAnalysisRunner static constructor.
RoslynAnalysisRunner will not be running.
RoslynAnalysisRunner has terminated.
Mono: successfully reloaded assembly
- Completed reload, in  2.492 seconds
Platform modules already initialized, skipping
Registering precompiled user dll's ...
Registered in 0.000673 seconds.
Begin MonoManager ReloadAssembly
Native extension for WindowsStandalone target not found
Native extension for WebGL target not found
Refreshing native plugins compatible for Editor in 0.18 ms, found 0 plugins.
Preloading 0 native plugins for Editor in 0.00 ms.
Invoked RoslynAnalysisRunner static constructor.
RoslynAnalysisRunner will not be running.
RoslynAnalysisRunner has terminated.
Mono: successfully reloaded assembly
- Completed reload, in  1.096 seconds
Platform modules already initialized, skipping
========================================================================
Worker process is ready to serve import requests
Launched and connected shader compiler UnityShaderCompiler.exe after 0.08 seconds
Refreshing native plugins compatible for Editor in 0.18 ms, found 0 plugins.
Preloading 0 native plugins for Editor in 0.00 ms.
Unloading 1113 Unused Serialized files (Serialized files now loaded: 0)
System memory in use before: 56.9 MB.
System memory in use after: 57.0 MB.

Unloading 10 unused Assets to reduce memory usage. Loaded Objects now: 1555.
Total: 2.263100 ms (FindLiveObjects: 0.133300 ms CreateObjectMapping: 0.034100 ms MarkObjects: 2.020200 ms  DeleteObjects: 0.074700 ms)

========================================================================
Received Import Request.
  path: Assets
  artifactKey: Guid(00000000000000001000000000000000) Importer(815301076,1909f56bfc062723c751e8b465ee728b)
Start importing Assets using Guid(00000000000000001000000000000000) Importer(815301076,1909f56bfc062723c751e8b465ee728b)  -> (artifact id: '42baae205c97e3337697759514652acd') in 0.010321 seconds
  Import took 0.012240 seconds .

========================================================================
Received Import Request.
  Time since last request: 0.000429 seconds.
  path: Assets/Hole.fbx
  artifactKey: Guid(19254c45e7ef1574692f71691d67dbc8) Importer(815301076,1909f56bfc062723c751e8b465ee728b)
Start importing Assets/Hole.fbx using Guid(19254c45e7ef1574692f71691d67dbc8) Importer(815301076,1909f56bfc062723c751e8b465ee728b)  -> (artifact id: 'd8669fd37a8b181ed064fe0792fe4784') in 0.163685 seconds
  Import took 0.166436 seconds .

========================================================================
Received Import Request.
  Time since last request: 6.026348 seconds.
  path: Assets/Materials
  artifactKey: Guid(eef78110ac4caee4abd5fb24d2b8961f) Importer(815301076,1909f56bfc062723c751e8b465ee728b)
Start importing Assets/Materials using Guid(eef78110ac4caee4abd5fb24d2b8961f) Importer(815301076,1909f56bfc062723c751e8b465ee728b)  -> (artifact id: '55ff54837cfa65e589a5a014d08a531c') in 0.010571 seconds
  Import took 0.012995 seconds .

========================================================================
Received Import Request.
  Time since last request: 8.071915 seconds.
  path: Assets/Materials/Tabld.mat
  artifactKey: Guid(29ef188e4a0f5ee4e9ed7b300f1eea0b) Importer(815301076,1909f56bfc062723c751e8b465ee728b)
Start importing Assets/Materials/Tabld.mat using Guid(29ef188e4a0f5ee4e9ed7b300f1eea0b) Importer(815301076,1909f56bfc062723c751e8b465ee728b)  -> (artifact id: 'd6ac93865c977dd33a82a231d19c97db') in 0.089575 seconds
  Import took 0.091659 seconds .

========================================================================
Received Import Request.
  Time since last request: 103.904240 seconds.
  path: Assets/Materials/Hole.mat
  artifactKey: Guid(35014732033aec942979e5a8171b9713) Importer(815301076,1909f56bfc062723c751e8b465ee728b)
Start importing Assets/Materials/Hole.mat using Guid(35014732033aec942979e5a8171b9713) Importer(815301076,1909f56bfc062723c751e8b465ee728b)  -> (artifact id: '6b6a02a2b44d780b13013881cf810a72') in 0.014984 seconds
  Import took 0.017699 seconds .

========================================================================
Received Import Request.
  Time since last request: 46.437939 seconds.
  path: Assets/Materials/NewSurfaceShader.shader
  artifactKey: Guid(b5a31bdead4730c4ea88a874eb44c44b) Importer(815301076,1909f56bfc062723c751e8b465ee728b)
Start importing Assets/Materials/NewSurfaceShader.shader using Guid(b5a31bdead4730c4ea88a874eb44c44b) Importer(815301076,1909f56bfc062723c751e8b465ee728b)  -> (artifact id: '99c48f69dfb72576c62c47b5707ddf31') in 0.013816 seconds
  Import took 0.016172 seconds .

========================================================================
Received Import Request.
  Time since last request: 0.142618 seconds.
  path: Assets/Materials/NewSurfaceShader.shader
  artifactKey: Guid(b5a31bdead4730c4ea88a874eb44c44b) Importer(815301076,1909f56bfc062723c751e8b465ee728b)
Start importing Assets/Materials/NewSurfaceShader.shader using Guid(b5a31bdead4730c4ea88a874eb44c44b) Importer(815301076,1909f56bfc062723c751e8b465ee728b)  -> (artifact id: '99c48f69dfb72576c62c47b5707ddf31') in 0.010388 seconds
  Import took 0.015817 seconds .

========================================================================
Received Import Request.
  Time since last request: 164.613714 seconds.
  path: Assets/Materials/HoleShader.shader
  artifactKey: Guid(b5a31bdead4730c4ea88a874eb44c44b) Importer(815301076,1909f56bfc062723c751e8b465ee728b)
Start importing Assets/Materials/HoleShader.shader using Guid(b5a31bdead4730c4ea88a874eb44c44b) Importer(815301076,1909f56bfc062723c751e8b465ee728b)  -> (artifact id: '41e218bdc9a691274ac71a0217bb46cb') in 0.011497 seconds
  Import took 0.014269 seconds .

========================================================================
Received Import Request.
  Time since last request: 0.017053 seconds.
  path: Assets/Materials/HoleShader.shader
  artifactKey: Guid(b5a31bdead4730c4ea88a874eb44c44b) Importer(815301076,1909f56bfc062723c751e8b465ee728b)
Start importing Assets/Materials/HoleShader.shader using Guid(b5a31bdead4730c4ea88a874eb44c44b) Importer(815301076,1909f56bfc062723c751e8b465ee728b)  -> (artifact id: '41e218bdc9a691274ac71a0217bb46cb') in 0.006758 seconds
  Import took 0.009944 seconds .

========================================================================
Received Import Request.
  Time since last request: 161.130022 seconds.
  path: Assets/Materials/Depth Mask.mat
  artifactKey: Guid(7486617cbfb302448a6402510926767c) Importer(815301076,1909f56bfc062723c751e8b465ee728b)
Start importing Assets/Materials/Depth Mask.mat using Guid(7486617cbfb302448a6402510926767c) Importer(815301076,1909f56bfc062723c751e8b465ee728b)  -> (artifact id: '66a44840d188d4d51b2dcbd67d405562') in 0.021419 seconds
  Import took 0.024787 seconds .

========================================================================
Received Import Request.
  Time since last request: 0.005631 seconds.
  path: Assets/Materials/Depth Mask.mat
  artifactKey: Guid(7486617cbfb302448a6402510926767c) Importer(815301076,1909f56bfc062723c751e8b465ee728b)
Start importing Assets/Materials/Depth Mask.mat using Guid(7486617cbfb302448a6402510926767c) Importer(815301076,1909f56bfc062723c751e8b465ee728b)  -> (artifact id: '66a44840d188d4d51b2dcbd67d405562') in 0.013709 seconds
  Import took 0.015861 seconds .

========================================================================
Received Import Request.
  Time since last request: 69.080483 seconds.
  path: Assets/Scenes
  artifactKey: Guid(0098be778c61fb34d8f35332aa3429a0) Importer(815301076,1909f56bfc062723c751e8b465ee728b)
Start importing Assets/Scenes using Guid(0098be778c61fb34d8f35332aa3429a0) Importer(815301076,1909f56bfc062723c751e8b465ee728b)  -> (artifact id: '1da118e01f9cf7d808906f4668bb3b5c') in 0.009406 seconds
  Import took 0.011562 seconds .

========================================================================
Received Import Request.
  Time since last request: 162.216938 seconds.
  path: Assets/Materials/Table.mat
  artifactKey: Guid(29ef188e4a0f5ee4e9ed7b300f1eea0b) Importer(815301076,1909f56bfc062723c751e8b465ee728b)
Start importing Assets/Materials/Table.mat using Guid(29ef188e4a0f5ee4e9ed7b300f1eea0b) Importer(815301076,1909f56bfc062723c751e8b465ee728b)  -> (artifact id: 'a3119a160d800a67951bbbb5de054e4f') in 0.023408 seconds
  Import took 0.027235 seconds .

========================================================================
Received Import Request.
  Time since last request: 394.876107 seconds.
  path: Assets/Materials/Standard.shader
  artifactKey: Guid(b994e5daeb2d97a4cbb4c29942b47f24) Importer(815301076,1909f56bfc062723c751e8b465ee728b)
Start importing Assets/Materials/Standard.shader using Guid(b994e5daeb2d97a4cbb4c29942b47f24) Importer(815301076,1909f56bfc062723c751e8b465ee728b)  -> (artifact id: 'd839f4b8af8b43ab448ac1bd637edd46') in 0.012321 seconds
  Import took 0.015819 seconds .

========================================================================
Received Import Request.
  Time since last request: 0.001177 seconds.
  path: Assets/Materials/Standard.shader
  artifactKey: Guid(b994e5daeb2d97a4cbb4c29942b47f24) Importer(815301076,1909f56bfc062723c751e8b465ee728b)
Start importing Assets/Materials/Standard.shader using Guid(b994e5daeb2d97a4cbb4c29942b47f24) Importer(815301076,1909f56bfc062723c751e8b465ee728b)  -> (artifact id: 'd839f4b8af8b43ab448ac1bd637edd46') in 0.007215 seconds
  Import took 0.010252 seconds .

========================================================================
Received Import Request.
  Time since last request: 194.843025 seconds.
  path: Assets/Materials/Standard.shader
  artifactKey: Guid(b994e5daeb2d97a4cbb4c29942b47f24) Importer(815301076,1909f56bfc062723c751e8b465ee728b)
Start importing Assets/Materials/Standard.shader using Guid(b994e5daeb2d97a4cbb4c29942b47f24) Importer(815301076,1909f56bfc062723c751e8b465ee728b) Shader Standard uses undefined Queue: 'Geometry - 2'

Shader Standard uses undefined Queue: 'Geometry - 2'

 -> (artifact id: 'af0ad401570788ab0fdc15c6b8c18b81') in 0.006339 seconds
  Import took 0.009328 seconds .

========================================================================
Received Import Request.
  Time since last request: 0.000808 seconds.
  path: Assets/Materials/Standard.shader
  artifactKey: Guid(b994e5daeb2d97a4cbb4c29942b47f24) Importer(815301076,1909f56bfc062723c751e8b465ee728b)
Start importing Assets/Materials/Standard.shader using Guid(b994e5daeb2d97a4cbb4c29942b47f24) Importer(815301076,1909f56bfc062723c751e8b465ee728b) Shader Standard uses undefined Queue: 'Geometry - 2'

Shader Standard uses undefined Queue: 'Geometry - 2'

 -> (artifact id: 'af0ad401570788ab0fdc15c6b8c18b81') in 0.006804 seconds
  Import took 0.009161 seconds .

========================================================================
Received Import Request.
  Time since last request: 2.742259 seconds.
  path: Assets/Materials/HoleShader.shader
  artifactKey: Guid(b5a31bdead4730c4ea88a874eb44c44b) Importer(815301076,1909f56bfc062723c751e8b465ee728b)
Start importing Assets/Materials/HoleShader.shader using Guid(b5a31bdead4730c4ea88a874eb44c44b) Importer(815301076,1909f56bfc062723c751e8b465ee728b)  -> (artifact id: '210c82752f3da55ea731dae9a0f443c7') in 0.004448 seconds
  Import took 0.006649 seconds .

========================================================================
Received Import Request.
  Time since last request: 0.001139 seconds.
  path: Assets/Materials/HoleShader.shader
  artifactKey: Guid(b5a31bdead4730c4ea88a874eb44c44b) Importer(815301076,1909f56bfc062723c751e8b465ee728b)
Start importing Assets/Materials/HoleShader.shader using Guid(b5a31bdead4730c4ea88a874eb44c44b) Importer(815301076,1909f56bfc062723c751e8b465ee728b)  -> (artifact id: '210c82752f3da55ea731dae9a0f443c7') in 0.005426 seconds
  Import took 0.007887 seconds .

========================================================================
Received Import Request.
  Time since last request: 26.647778 seconds.
  path: Assets/Materials/HoleShader.shader
  artifactKey: Guid(b994e5daeb2d97a4cbb4c29942b47f24) Importer(815301076,1909f56bfc062723c751e8b465ee728b)
Start importing Assets/Materials/HoleShader.shader using Guid(b994e5daeb2d97a4cbb4c29942b47f24) Importer(815301076,1909f56bfc062723c751e8b465ee728b) Shader Standard uses undefined Queue: 'Geometry - 2'

Shader Standard uses undefined Queue: 'Geometry - 2'

 -> (artifact id: '4d36a272c2614377150c48521588c5d1') in 0.006093 seconds
  Import took 0.009634 seconds .

========================================================================
Received Prepare
Shader Portal/Hole uses undefined Queue: 'Geometry - 2'

Shader Portal/Hole uses undefined Queue: 'Geometry - 2'

Shader Portal/Hole uses undefined Queue: 'Geometry - 2'

Shader Portal/Hole uses undefined Queue: 'Geometry - 2'

Refreshing native plugins compatible for Editor in 0.80 ms, found 0 plugins.
Preloading 0 native plugins for Editor in 0.00 ms.
Unloading 4 Unused Serialized files (Serialized files now loaded: 0)
System memory in use before: 39.4 MB.
System memory in use after: 39.1 MB.

Unloading 5 unused Assets to reduce memory usage. Loaded Objects now: 1599.
Total: 3.718600 ms (FindLiveObjects: 0.132000 ms CreateObjectMapping: 0.047600 ms MarkObjects: 3.137500 ms  DeleteObjects: 0.396900 ms)

AssetImportParameters requested are different than current active one (requested -> active):
  custom:srp/default-shader: 0000a000000000000000000000000000 -> 00a0da0d000000000000000000000000
========================================================================
Received Prepare
Refreshing native plugins compatible for Editor in 0.64 ms, found 0 plugins.
Preloading 0 native plugins for Editor in 0.00 ms.
Unloading 4 Unused Serialized files (Serialized files now loaded: 0)
System memory in use before: 39.3 MB.
System memory in use after: 39.1 MB.

Unloading 4 unused Assets to reduce memory usage. Loaded Objects now: 1599.
Total: 2.882900 ms (FindLiveObjects: 0.222400 ms CreateObjectMapping: 0.095800 ms MarkObjects: 2.080900 ms  DeleteObjects: 0.482700 ms)

========================================================================
Received Prepare
Registering precompiled user dll's ...
Registered in 0.000618 seconds.
Begin MonoManager ReloadAssembly
Native extension for WindowsStandalone target not found
Native extension for WebGL target not found
Refreshing native plugins compatible for Editor in 0.27 ms, found 0 plugins.
Preloading 0 native plugins for Editor in 0.00 ms.
Invoked RoslynAnalysisRunner static constructor.
RoslynAnalysisRunner will not be running.
RoslynAnalysisRunner has terminated.
Mono: successfully reloaded assembly
- Completed reload, in  0.722 seconds
Platform modules already initialized, skipping
Refreshing native plugins compatible for Editor in 0.18 ms, found 0 plugins.
Preloading 0 native plugins for Editor in 0.00 ms.
Unloading 1109 Unused Serialized files (Serialized files now loaded: 0)
System memory in use before: 61.2 MB.
System memory in use after: 61.0 MB.

Unloading 6 unused Assets to reduce memory usage. Loaded Objects now: 1602.
Total: 2.100800 ms (FindLiveObjects: 0.156500 ms CreateObjectMapping: 0.033600 ms MarkObjects: 1.604900 ms  DeleteObjects: 0.304400 ms)

========================================================================
Received Import Request.
  Time since last request: 238.119671 seconds.
  path: Assets/Materials/HoleShader.shader
  artifactKey: Guid(b994e5daeb2d97a4cbb4c29942b47f24) Importer(815301076,1909f56bfc062723c751e8b465ee728b)
Start importing Assets/Materials/HoleShader.shader using Guid(b994e5daeb2d97a4cbb4c29942b47f24) Importer(815301076,1909f56bfc062723c751e8b465ee728b)  -> (artifact id: 'c88af8a1f66c329583035d037491a699') in 0.016397 seconds
  Import took 0.018672 seconds .

========================================================================
Received Import Request.
  Time since last request: 0.016318 seconds.
  path: Assets/Materials/HoleShader.shader
  artifactKey: Guid(b994e5daeb2d97a4cbb4c29942b47f24) Importer(815301076,1909f56bfc062723c751e8b465ee728b)
Start importing Assets/Materials/HoleShader.shader using Guid(b994e5daeb2d97a4cbb4c29942b47f24) Importer(815301076,1909f56bfc062723c751e8b465ee728b)  -> (artifact id: 'c88af8a1f66c329583035d037491a699') in 0.005989 seconds
  Import took 0.008497 seconds .

========================================================================
Received Import Request.
  Time since last request: 0.958887 seconds.
  path: Assets/Materials/Depth Mask.mat
  artifactKey: Guid(7486617cbfb302448a6402510926767c) Importer(815301076,1909f56bfc062723c751e8b465ee728b)
Start importing Assets/Materials/Depth Mask.mat using Guid(7486617cbfb302448a6402510926767c) Importer(815301076,1909f56bfc062723c751e8b465ee728b)  -> (artifact id: '6b0840f1f7f1c02ddbb560e1bfdbe34f') in 0.076766 seconds
  Import took 0.079475 seconds .

========================================================================
Received Import Request.
  Time since last request: 0.000278 seconds.
  path: Assets/Materials/Table.mat
  artifactKey: Guid(29ef188e4a0f5ee4e9ed7b300f1eea0b) Importer(815301076,1909f56bfc062723c751e8b465ee728b)
Start importing Assets/Materials/Table.mat using Guid(29ef188e4a0f5ee4e9ed7b300f1eea0b) Importer(815301076,1909f56bfc062723c751e8b465ee728b)  -> (artifact id: 'cbaeff29f94b4d1ed582137da47e3a47') in 0.021970 seconds
  Import took 0.024895 seconds .

========================================================================
Received Import Request.
  Time since last request: 0.000241 seconds.
  path: Assets/Materials/Hole.mat
  artifactKey: Guid(35014732033aec942979e5a8171b9713) Importer(815301076,1909f56bfc062723c751e8b465ee728b)
Start importing Assets/Materials/Hole.mat using Guid(35014732033aec942979e5a8171b9713) Importer(815301076,1909f56bfc062723c751e8b465ee728b)  -> (artifact id: '364e2e3cc193409b265e113355762ac7') in 0.021620 seconds
  Import took 0.024054 seconds .

========================================================================
Received Import Request.
  Time since last request: 0.000271 seconds.
  path: Assets/Materials/HoleShader 1.shader
  artifactKey: Guid(96dad540fc76d7b40a16caaf2b054905) Importer(815301076,1909f56bfc062723c751e8b465ee728b)
Start importing Assets/Materials/HoleShader 1.shader using Guid(96dad540fc76d7b40a16caaf2b054905) Importer(815301076,1909f56bfc062723c751e8b465ee728b)  -> (artifact id: 'a23d527d473c79702633d200b3087533') in 0.014245 seconds
  Import took 0.016700 seconds .

========================================================================
Received Import Request.
  Time since last request: 6.770051 seconds.
  path: Assets/Materials/BallShader.shader
  artifactKey: Guid(96dad540fc76d7b40a16caaf2b054905) Importer(815301076,1909f56bfc062723c751e8b465ee728b)
Start importing Assets/Materials/BallShader.shader using Guid(96dad540fc76d7b40a16caaf2b054905) Importer(815301076,1909f56bfc062723c751e8b465ee728b)  -> (artifact id: '50d002a627098d0663dcd9e94a7c2019') in 0.011225 seconds
  Import took 0.014205 seconds .

========================================================================
Received Import Request.
  Time since last request: 107.912521 seconds.
  path: Assets/Materials/BallShader.shader
  artifactKey: Guid(96dad540fc76d7b40a16caaf2b054905) Importer(815301076,1909f56bfc062723c751e8b465ee728b)
Start importing Assets/Materials/BallShader.shader using Guid(96dad540fc76d7b40a16caaf2b054905) Importer(815301076,1909f56bfc062723c751e8b465ee728b)  -> (artifact id: '6957e865fe3d18192ecf58b00b4620d9') in 0.006310 seconds
  Import took 0.009930 seconds .

========================================================================
Received Import Request.
  Time since last request: 147.685996 seconds.
  path: Assets/Materials/HoleShader 1.shader
  artifactKey: Guid(730a5115cbf04274183ebe255a79aa36) Importer(815301076,1909f56bfc062723c751e8b465ee728b)
Start importing Assets/Materials/HoleShader 1.shader using Guid(730a5115cbf04274183ebe255a79aa36) Importer(815301076,1909f56bfc062723c751e8b465ee728b)  -> (artifact id: 'baaa58fed901bd68a0c012ad11d665f6') in 0.005973 seconds
  Import took 0.009421 seconds .

========================================================================
Received Import Request.
  Time since last request: 11.537419 seconds.
  path: Assets/Materials/DepthMaskShader.shader
  artifactKey: Guid(730a5115cbf04274183ebe255a79aa36) Importer(815301076,1909f56bfc062723c751e8b465ee728b)
Start importing Assets/Materials/DepthMaskShader.shader using Guid(730a5115cbf04274183ebe255a79aa36) Importer(815301076,1909f56bfc062723c751e8b465ee728b)  -> (artifact id: '989e64fc0d4594fc1d4fb5f924b7a200') in 0.011635 seconds
  Import took 0.014066 seconds .

========================================================================
Received Import Request.
  Time since last request: 75.777720 seconds.
  path: Assets/Materials/DepthMaskShader.shader
  artifactKey: Guid(730a5115cbf04274183ebe255a79aa36) Importer(815301076,1909f56bfc062723c751e8b465ee728b)
Start importing Assets/Materials/DepthMaskShader.shader using Guid(730a5115cbf04274183ebe255a79aa36) Importer(815301076,1909f56bfc062723c751e8b465ee728b)  -> (artifact id: '27155589ed0943d4e65bcc9aa7e70c0a') in 0.005586 seconds
  Import took 0.008124 seconds .

========================================================================
Received Prepare
Registering precompiled user dll's ...
Registered in 0.000564 seconds.
Begin MonoManager ReloadAssembly
Native extension for WindowsStandalone target not found
Native extension for WebGL target not found
Refreshing native plugins compatible for Editor in 0.19 ms, found 0 plugins.
Preloading 0 native plugins for Editor in 0.00 ms.
Invoked RoslynAnalysisRunner static constructor.
RoslynAnalysisRunner will not be running.
RoslynAnalysisRunner has terminated.
Mono: successfully reloaded assembly
- Completed reload, in  0.813 seconds
Platform modules already initialized, skipping
Refreshing native plugins compatible for Editor in 0.20 ms, found 0 plugins.
Preloading 0 native plugins for Editor in 0.00 ms.
Unloading 1111 Unused Serialized files (Serialized files now loaded: 0)
System memory in use before: 61.8 MB.
System memory in use after: 61.2 MB.

Unloading 8 unused Assets to reduce memory usage. Loaded Objects now: 1606.
Total: 2.534300 ms (FindLiveObjects: 0.144400 ms CreateObjectMapping: 0.048900 ms MarkObjects: 1.596700 ms  DeleteObjects: 0.742900 ms)

========================================================================
Received Import Request.
  Time since last request: 198.564844 seconds.
  path: ProjectSettings/TagManager.asset
  artifactKey: Guid(00000000000000003000000000000000) Importer(815301076,1909f56bfc062723c751e8b465ee728b)
Start importing ProjectSettings/TagManager.asset using Guid(00000000000000003000000000000000) Importer(815301076,1909f56bfc062723c751e8b465ee728b)  -> (artifact id: 'e58c32c74971579209c983feef23e212') in 0.021398 seconds
  Import took 0.024060 seconds .

========================================================================
Received Import Request.
  Time since last request: 0.001321 seconds.
  path: ProjectSettings/TagManager.asset
  artifactKey: Guid(00000000000000003000000000000000) Importer(815301076,1909f56bfc062723c751e8b465ee728b)
Start importing ProjectSettings/TagManager.asset using Guid(00000000000000003000000000000000) Importer(815301076,1909f56bfc062723c751e8b465ee728b)  -> (artifact id: 'e58c32c74971579209c983feef23e212') in 0.005100 seconds
  Import took 0.007264 seconds .

========================================================================
Received Prepare
Registering precompiled user dll's ...
Registered in 0.000699 seconds.
Begin MonoManager ReloadAssembly
Native extension for WindowsStandalone target not found
Native extension for WebGL target not found
Refreshing native plugins compatible for Editor in 0.19 ms, found 0 plugins.
Preloading 0 native plugins for Editor in 0.00 ms.
Invoked RoslynAnalysisRunner static constructor.
RoslynAnalysisRunner will not be running.
RoslynAnalysisRunner has terminated.
Mono: successfully reloaded assembly
- Completed reload, in  0.762 seconds
Platform modules already initialized, skipping
Refreshing native plugins compatible for Editor in 0.22 ms, found 0 plugins.
Preloading 0 native plugins for Editor in 0.00 ms.
Unloading 1111 Unused Serialized files (Serialized files now loaded: 0)
System memory in use before: 61.8 MB.
System memory in use after: 61.2 MB.

Unloading 10 unused Assets to reduce memory usage. Loaded Objects now: 1609.
Total: 2.419800 ms (FindLiveObjects: 0.239400 ms CreateObjectMapping: 0.052800 ms MarkObjects: 1.421600 ms  DeleteObjects: 0.704800 ms)

========================================================================
Received Import Request.
  Time since last request: 463.633266 seconds.
  path: Assets/NewBehaviourScript.cs
  artifactKey: Guid(43e890380579dd04facbb0d50a63d78a) Importer(815301076,1909f56bfc062723c751e8b465ee728b)
Start importing Assets/NewBehaviourScript.cs using Guid(43e890380579dd04facbb0d50a63d78a) Importer(815301076,1909f56bfc062723c751e8b465ee728b)  -> (artifact id: 'c29ae46b3f19db0fbc791fa3b9c0d4cd') in 0.017713 seconds
  Import took 0.020283 seconds .

========================================================================
Received Prepare
Registering precompiled user dll's ...
Registered in 0.000510 seconds.
Begin MonoManager ReloadAssembly
Native extension for WindowsStandalone target not found
Native extension for WebGL target not found
Refreshing native plugins compatible for Editor in 0.22 ms, found 0 plugins.
Preloading 0 native plugins for Editor in 0.00 ms.
Invoked RoslynAnalysisRunner static constructor.
RoslynAnalysisRunner will not be running.
RoslynAnalysisRunner has terminated.
Mono: successfully reloaded assembly
- Completed reload, in  0.748 seconds
Platform modules already initialized, skipping
Refreshing native plugins compatible for Editor in 0.17 ms, found 0 plugins.
Preloading 0 native plugins for Editor in 0.00 ms.
Unloading 1112 Unused Serialized files (Serialized files now loaded: 0)
System memory in use before: 61.8 MB.
System memory in use after: 61.2 MB.

Unloading 8 unused Assets to reduce memory usage. Loaded Objects now: 1613.
Total: 2.269200 ms (FindLiveObjects: 0.118500 ms CreateObjectMapping: 0.064900 ms MarkObjects: 1.341200 ms  DeleteObjects: 0.743800 ms)

========================================================================
Received Import Request.
  Time since last request: 7.030989 seconds.
  path: Assets/Scripts
  artifactKey: Guid(ef1ee156be019cd4084feb1d1aabde61) Importer(815301076,1909f56bfc062723c751e8b465ee728b)
Start importing Assets/Scripts using Guid(ef1ee156be019cd4084feb1d1aabde61) Importer(815301076,1909f56bfc062723c751e8b465ee728b)  -> (artifact id: '3f427dec4b2882d9cea9bb35b05276f5') in 0.009830 seconds
  Import took 0.012045 seconds .

========================================================================
Received Import Request.
  Time since last request: 0.002444 seconds.
  path: Assets/Scripts
  artifactKey: Guid(ef1ee156be019cd4084feb1d1aabde61) Importer(815301076,1909f56bfc062723c751e8b465ee728b)
Start importing Assets/Scripts using Guid(ef1ee156be019cd4084feb1d1aabde61) Importer(815301076,1909f56bfc062723c751e8b465ee728b)  -> (artifact id: '3f427dec4b2882d9cea9bb35b05276f5') in 0.003855 seconds
  Import took 0.006326 seconds .

========================================================================
Received Prepare
Registering precompiled user dll's ...
Registered in 0.000508 seconds.
Begin MonoManager ReloadAssembly
Native extension for WindowsStandalone target not found
Native extension for WebGL target not found
Refreshing native plugins compatible for Editor in 0.18 ms, found 0 plugins.
Preloading 0 native plugins for Editor in 0.00 ms.
Invoked RoslynAnalysisRunner static constructor.
RoslynAnalysisRunner will not be running.
RoslynAnalysisRunner has terminated.
Mono: successfully reloaded assembly
- Completed reload, in  0.754 seconds
Platform modules already initialized, skipping
Refreshing native plugins compatible for Editor in 0.19 ms, found 0 plugins.
Preloading 0 native plugins for Editor in 0.00 ms.
Unloading 1111 Unused Serialized files (Serialized files now loaded: 0)
System memory in use before: 61.8 MB.
System memory in use after: 61.2 MB.

Unloading 9 unused Assets to reduce memory usage. Loaded Objects now: 1615.
Total: 2.742600 ms (FindLiveObjects: 0.244800 ms CreateObjectMapping: 0.030200 ms MarkObjects: 1.524700 ms  DeleteObjects: 0.940900 ms)

========================================================================
Received Import Request.
  Time since last request: 12.749103 seconds.
  path: Assets/Scripts/ChangeLayer.cs
  artifactKey: Guid(bb61e230d37152d4490717ed50d5702a) Importer(815301076,1909f56bfc062723c751e8b465ee728b)
Start importing Assets/Scripts/ChangeLayer.cs using Guid(bb61e230d37152d4490717ed50d5702a) Importer(815301076,1909f56bfc062723c751e8b465ee728b)  -> (artifact id: '7f0447b6d857bf2cf0837c07ff258ce4') in 0.012995 seconds
  Import took 0.015291 seconds .

========================================================================
Received Prepare
Registering precompiled user dll's ...
Registered in 0.000638 seconds.
Begin MonoManager ReloadAssembly
Native extension for WindowsStandalone target not found
Native extension for WebGL target not found
Refreshing native plugins compatible for Editor in 0.18 ms, found 0 plugins.
Preloading 0 native plugins for Editor in 0.00 ms.
Invoked RoslynAnalysisRunner static constructor.
RoslynAnalysisRunner will not be running.
RoslynAnalysisRunner has terminated.
Mono: successfully reloaded assembly
- Completed reload, in  0.757 seconds
Platform modules already initialized, skipping
Refreshing native plugins compatible for Editor in 0.18 ms, found 0 plugins.
Preloading 0 native plugins for Editor in 0.00 ms.
Unloading 1112 Unused Serialized files (Serialized files now loaded: 0)
System memory in use before: 61.8 MB.
System memory in use after: 61.3 MB.

Unloading 8 unused Assets to reduce memory usage. Loaded Objects now: 1619.
Total: 2.269500 ms (FindLiveObjects: 0.133300 ms CreateObjectMapping: 0.035800 ms MarkObjects: 1.437500 ms  DeleteObjects: 0.661900 ms)

========================================================================
Received Prepare
Registering precompiled user dll's ...
Registered in 0.000612 seconds.
Begin MonoManager ReloadAssembly
Native extension for WindowsStandalone target not found
Native extension for WebGL target not found
Refreshing native plugins compatible for Editor in 0.18 ms, found 0 plugins.
Preloading 0 native plugins for Editor in 0.00 ms.
Invoked RoslynAnalysisRunner static constructor.
RoslynAnalysisRunner will not be running.
RoslynAnalysisRunner has terminated.
Mono: successfully reloaded assembly
- Completed reload, in  0.711 seconds
Platform modules already initialized, skipping
Refreshing native plugins compatible for Editor in 0.17 ms, found 0 plugins.
Preloading 0 native plugins for Editor in 0.00 ms.
Unloading 1112 Unused Serialized files (Serialized files now loaded: 0)
System memory in use before: 61.8 MB.
System memory in use after: 61.3 MB.

Unloading 8 unused Assets to reduce memory usage. Loaded Objects now: 1622.
Total: 2.452100 ms (FindLiveObjects: 0.145000 ms CreateObjectMapping: 0.035900 ms MarkObjects: 1.655500 ms  DeleteObjects: 0.614600 ms)

========================================================================
Received Prepare
Registering precompiled user dll's ...
Registered in 0.000575 seconds.
Begin MonoManager ReloadAssembly
Native extension for WindowsStandalone target not found
Native extension for WebGL target not found
Refreshing native plugins compatible for Editor in 0.20 ms, found 0 plugins.
Preloading 0 native plugins for Editor in 0.00 ms.
Invoked RoslynAnalysisRunner static constructor.
RoslynAnalysisRunner will not be running.
RoslynAnalysisRunner has terminated.
Mono: successfully reloaded assembly
- Completed reload, in  0.748 seconds
Platform modules already initialized, skipping
Refreshing native plugins compatible for Editor in 0.19 ms, found 0 plugins.
Preloading 0 native plugins for Editor in 0.00 ms.
Unloading 1112 Unused Serialized files (Serialized files now loaded: 0)
System memory in use before: 61.8 MB.
System memory in use after: 61.3 MB.

Unloading 8 unused Assets to reduce memory usage. Loaded Objects now: 1625.
Total: 2.317700 ms (FindLiveObjects: 0.183200 ms CreateObjectMapping: 0.030100 ms MarkObjects: 1.401700 ms  DeleteObjects: 0.701500 ms)

========================================================================
Received Import Request.
  Time since last request: 367.152678 seconds.
  path: Assets/Materials/Ball.mat
  artifactKey: Guid(27cca2aa980a3b1429953782cf5b0c04) Importer(815301076,1909f56bfc062723c751e8b465ee728b)
Start importing Assets/Materials/Ball.mat using Guid(27cca2aa980a3b1429953782cf5b0c04) Importer(815301076,1909f56bfc062723c751e8b465ee728b)  -> (artifact id: 'e0b9d9a003b1b5e228ed1c0a88a182cd') in 0.068732 seconds
  Import took 0.070962 seconds .

========================================================================
Received Import Request.
  Time since last request: 38.673068 seconds.
  path: Assets/Materials/DepthMask.mat
  artifactKey: Guid(3af1e519feaebea44a50b671f7717210) Importer(815301076,1909f56bfc062723c751e8b465ee728b)
Start importing Assets/Materials/DepthMask.mat using Guid(3af1e519feaebea44a50b671f7717210) Importer(815301076,1909f56bfc062723c751e8b465ee728b)  -> (artifact id: '09d7be56ac1638df8e0152e0a1a94004') in 0.021896 seconds
  Import took 0.024876 seconds .

========================================================================
Received Prepare
Registering precompiled user dll's ...
Registered in 0.000890 seconds.
Begin MonoManager ReloadAssembly
Native extension for WindowsStandalone target not found
Native extension for WebGL target not found
Refreshing native plugins compatible for Editor in 0.18 ms, found 0 plugins.
Preloading 0 native plugins for Editor in 0.00 ms.
Invoked RoslynAnalysisRunner static constructor.
RoslynAnalysisRunner will not be running.
RoslynAnalysisRunner has terminated.
Mono: successfully reloaded assembly
- Completed reload, in  0.791 seconds
Platform modules already initialized, skipping
Refreshing native plugins compatible for Editor in 0.29 ms, found 0 plugins.
Preloading 0 native plugins for Editor in 0.00 ms.
Unloading 1112 Unused Serialized files (Serialized files now loaded: 0)
System memory in use before: 61.9 MB.
System memory in use after: 61.3 MB.

Unloading 8 unused Assets to reduce memory usage. Loaded Objects now: 1629.
Total: 2.744600 ms (FindLiveObjects: 0.149900 ms CreateObjectMapping: 0.066800 ms MarkObjects: 1.676200 ms  DeleteObjects: 0.850600 ms)

========================================================================
Received Prepare
Registering precompiled user dll's ...
Registered in 0.000601 seconds.
Begin MonoManager ReloadAssembly
Native extension for WindowsStandalone target not found
Native extension for WebGL target not found
Refreshing native plugins compatible for Editor in 0.21 ms, found 0 plugins.
Preloading 0 native plugins for Editor in 0.00 ms.
Invoked RoslynAnalysisRunner static constructor.
RoslynAnalysisRunner will not be running.
RoslynAnalysisRunner has terminated.
Mono: successfully reloaded assembly
- Completed reload, in  0.832 seconds
Platform modules already initialized, skipping
Refreshing native plugins compatible for Editor in 0.19 ms, found 0 plugins.
Preloading 0 native plugins for Editor in 0.00 ms.
Unloading 1112 Unused Serialized files (Serialized files now loaded: 0)
System memory in use before: 61.9 MB.
System memory in use after: 61.3 MB.

Unloading 8 unused Assets to reduce memory usage. Loaded Objects now: 1632.
Total: 2.440000 ms (FindLiveObjects: 0.174200 ms CreateObjectMapping: 0.070100 ms MarkObjects: 1.572500 ms  DeleteObjects: 0.621800 ms)

========================================================================
Received Prepare
Registering precompiled user dll's ...
Registered in 0.000632 seconds.
Begin MonoManager ReloadAssembly
Native extension for WindowsStandalone target not found
Native extension for WebGL target not found
Refreshing native plugins compatible for Editor in 0.19 ms, found 0 plugins.
Preloading 0 native plugins for Editor in 0.00 ms.
Invoked RoslynAnalysisRunner static constructor.
RoslynAnalysisRunner will not be running.
RoslynAnalysisRunner has terminated.
Mono: successfully reloaded assembly
- Completed reload, in  0.693 seconds
Platform modules already initialized, skipping
Refreshing native plugins compatible for Editor in 0.19 ms, found 0 plugins.
Preloading 0 native plugins for Editor in 0.00 ms.
Unloading 1112 Unused Serialized files (Serialized files now loaded: 0)
System memory in use before: 61.9 MB.
System memory in use after: 61.3 MB.

Unloading 8 unused Assets to reduce memory usage. Loaded Objects now: 1635.
Total: 2.163400 ms (FindLiveObjects: 0.181400 ms CreateObjectMapping: 0.061700 ms MarkObjects: 1.295100 ms  DeleteObjects: 0.623500 ms)

========================================================================
Received Prepare
Registering precompiled user dll's ...
Registered in 0.000549 seconds.
Begin MonoManager ReloadAssembly
Native extension for WindowsStandalone target not found
Native extension for WebGL target not found
Refreshing native plugins compatible for Editor in 0.20 ms, found 0 plugins.
Preloading 0 native plugins for Editor in 0.00 ms.
Invoked RoslynAnalysisRunner static constructor.
RoslynAnalysisRunner will not be running.
RoslynAnalysisRunner has terminated.
Mono: successfully reloaded assembly
- Completed reload, in  0.706 seconds
Platform modules already initialized, skipping
Refreshing native plugins compatible for Editor in 0.18 ms, found 0 plugins.
Preloading 0 native plugins for Editor in 0.00 ms.
Unloading 1112 Unused Serialized files (Serialized files now loaded: 0)
System memory in use before: 61.9 MB.
System memory in use after: 61.3 MB.

Unloading 8 unused Assets to reduce memory usage. Loaded Objects now: 1638.
Total: 2.456400 ms (FindLiveObjects: 0.205400 ms CreateObjectMapping: 0.067900 ms MarkObjects: 1.529700 ms  DeleteObjects: 0.652500 ms)

========================================================================
Received Import Request.
  Time since last request: 706.065219 seconds.
  path: ProjectSettings/TagManager.asset
  artifactKey: Guid(00000000000000003000000000000000) Importer(815301076,1909f56bfc062723c751e8b465ee728b)
Start importing ProjectSettings/TagManager.asset using Guid(00000000000000003000000000000000) Importer(815301076,1909f56bfc062723c751e8b465ee728b)  -> (artifact id: '23ec58f8dd97aebcefc57160aa35f133') in 0.015362 seconds
  Import took 0.018044 seconds .

========================================================================
Received Import Request.
  Time since last request: 0.003950 seconds.
  path: ProjectSettings/TagManager.asset
  artifactKey: Guid(00000000000000003000000000000000) Importer(815301076,1909f56bfc062723c751e8b465ee728b)
Start importing ProjectSettings/TagManager.asset using Guid(00000000000000003000000000000000) Importer(815301076,1909f56bfc062723c751e8b465ee728b)  -> (artifact id: '23ec58f8dd97aebcefc57160aa35f133') in 0.003637 seconds
  Import took 0.005944 seconds .

========================================================================
Received Prepare
Registering precompiled user dll's ...
Registered in 0.000570 seconds.
Begin MonoManager ReloadAssembly
Native extension for WindowsStandalone target not found
Native extension for WebGL target not found
Refreshing native plugins compatible for Editor in 0.23 ms, found 0 plugins.
Preloading 0 native plugins for Editor in 0.00 ms.
Invoked RoslynAnalysisRunner static constructor.
RoslynAnalysisRunner will not be running.
RoslynAnalysisRunner has terminated.
Mono: successfully reloaded assembly
- Completed reload, in  0.883 seconds
Platform modules already initialized, skipping
Refreshing native plugins compatible for Editor in 0.18 ms, found 0 plugins.
Preloading 0 native plugins for Editor in 0.00 ms.
Unloading 1112 Unused Serialized files (Serialized files now loaded: 0)
System memory in use before: 61.9 MB.
System memory in use after: 61.3 MB.

Unloading 10 unused Assets to reduce memory usage. Loaded Objects now: 1641.
Total: 3.299700 ms (FindLiveObjects: 0.192200 ms CreateObjectMapping: 0.055700 ms MarkObjects: 1.921000 ms  DeleteObjects: 1.129600 ms)

========================================================================
Received Prepare
Registering precompiled user dll's ...
Registered in 0.001176 seconds.
Begin MonoManager ReloadAssembly
Native extension for WindowsStandalone target not found
Native extension for WebGL target not found
Refreshing native plugins compatible for Editor in 0.36 ms, found 0 plugins.
Preloading 0 native plugins for Editor in 0.00 ms.
Invoked RoslynAnalysisRunner static constructor.
RoslynAnalysisRunner will not be running.
RoslynAnalysisRunner has terminated.
Mono: successfully reloaded assembly
- Completed reload, in  0.848 seconds
Platform modules already initialized, skipping
Refreshing native plugins compatible for Editor in 0.18 ms, found 0 plugins.
Preloading 0 native plugins for Editor in 0.00 ms.
Unloading 1112 Unused Serialized files (Serialized files now loaded: 0)
System memory in use before: 61.9 MB.
System memory in use after: 61.3 MB.

Unloading 8 unused Assets to reduce memory usage. Loaded Objects now: 1644.
Total: 2.651300 ms (FindLiveObjects: 0.236800 ms CreateObjectMapping: 0.068100 ms MarkObjects: 1.696900 ms  DeleteObjects: 0.648500 ms)

========================================================================
Received Prepare
Registering precompiled user dll's ...
Registered in 0.000597 seconds.
Begin MonoManager ReloadAssembly
Native extension for WindowsStandalone target not found
Native extension for WebGL target not found
Refreshing native plugins compatible for Editor in 0.18 ms, found 0 plugins.
Preloading 0 native plugins for Editor in 0.00 ms.
Invoked RoslynAnalysisRunner static constructor.
RoslynAnalysisRunner will not be running.
RoslynAnalysisRunner has terminated.
Mono: successfully reloaded assembly
- Completed reload, in  0.767 seconds
Platform modules already initialized, skipping
Refreshing native plugins compatible for Editor in 0.18 ms, found 0 plugins.
Preloading 0 native plugins for Editor in 0.00 ms.
Unloading 1112 Unused Serialized files (Serialized files now loaded: 0)
System memory in use before: 61.9 MB.
System memory in use after: 61.3 MB.

Unloading 8 unused Assets to reduce memory usage. Loaded Objects now: 1647.
Total: 2.388900 ms (FindLiveObjects: 0.160400 ms CreateObjectMapping: 0.073700 ms MarkObjects: 1.509500 ms  DeleteObjects: 0.643900 ms)

========================================================================
Received Prepare
Registering precompiled user dll's ...
Registered in 0.001036 seconds.
Begin MonoManager ReloadAssembly
Native extension for WindowsStandalone target not found
Native extension for WebGL target not found
Refreshing native plugins compatible for Editor in 0.20 ms, found 0 plugins.
Preloading 0 native plugins for Editor in 0.00 ms.
Invoked RoslynAnalysisRunner static constructor.
RoslynAnalysisRunner will not be running.
RoslynAnalysisRunner has terminated.
Mono: successfully reloaded assembly
- Completed reload, in  1.163 seconds
Platform modules already initialized, skipping
Refreshing native plugins compatible for Editor in 0.30 ms, found 0 plugins.
Preloading 0 native plugins for Editor in 0.00 ms.
Unloading 1112 Unused Serialized files (Serialized files now loaded: 0)
System memory in use before: 61.9 MB.
System memory in use after: 61.4 MB.

Unloading 8 unused Assets to reduce memory usage. Loaded Objects now: 1650.
Total: 4.691400 ms (FindLiveObjects: 0.258900 ms CreateObjectMapping: 0.186900 ms MarkObjects: 3.261400 ms  DeleteObjects: 0.982500 ms)

========================================================================
Received Prepare
Registering precompiled user dll's ...
Registered in 0.000909 seconds.
Begin MonoManager ReloadAssembly
Native extension for WindowsStandalone target not found
Native extension for WebGL target not found
Refreshing native plugins compatible for Editor in 0.21 ms, found 0 plugins.
Preloading 0 native plugins for Editor in 0.00 ms.
Invoked RoslynAnalysisRunner static constructor.
RoslynAnalysisRunner will not be running.
RoslynAnalysisRunner has terminated.
Mono: successfully reloaded assembly
- Completed reload, in  0.734 seconds
Platform modules already initialized, skipping
Refreshing native plugins compatible for Editor in 0.34 ms, found 0 plugins.
Preloading 0 native plugins for Editor in 0.00 ms.
Unloading 1112 Unused Serialized files (Serialized files now loaded: 0)
System memory in use before: 61.9 MB.
System memory in use after: 61.4 MB.

Unloading 8 unused Assets to reduce memory usage. Loaded Objects now: 1653.
Total: 3.690000 ms (FindLiveObjects: 0.333400 ms CreateObjectMapping: 0.038600 ms MarkObjects: 2.373100 ms  DeleteObjects: 0.943700 ms)

========================================================================
Received Prepare
Registering precompiled user dll's ...
Registered in 0.000937 seconds.
Begin MonoManager ReloadAssembly
Native extension for WindowsStandalone target not found
Native extension for WebGL target not found
Refreshing native plugins compatible for Editor in 0.19 ms, found 0 plugins.
Preloading 0 native plugins for Editor in 0.00 ms.
Invoked RoslynAnalysisRunner static constructor.
RoslynAnalysisRunner will not be running.
RoslynAnalysisRunner has terminated.
Mono: successfully reloaded assembly
- Completed reload, in  0.707 seconds
Platform modules already initialized, skipping
Refreshing native plugins compatible for Editor in 0.27 ms, found 0 plugins.
Preloading 0 native plugins for Editor in 0.00 ms.
Unloading 1112 Unused Serialized files (Serialized files now loaded: 0)
System memory in use before: 61.9 MB.
System memory in use after: 61.4 MB.

Unloading 8 unused Assets to reduce memory usage. Loaded Objects now: 1656.
Total: 2.996000 ms (FindLiveObjects: 0.221200 ms CreateObjectMapping: 0.036500 ms MarkObjects: 1.937400 ms  DeleteObjects: 0.799200 ms)

========================================================================
Received Import Request.
  Time since last request: 950.385311 seconds.
  path: Assets/Models/kickout_hole.blend
  artifactKey: Guid(12de1376c24c6074f9555e5566ba3ece) Importer(815301076,1909f56bfc062723c751e8b465ee728b)
Start importing Assets/Models/kickout_hole.blend using Guid(12de1376c24c6074f9555e5566ba3ece) Importer(815301076,1909f56bfc062723c751e8b465ee728b)  -> (artifact id: 'feb463d2dc0573ed25886dde2f88f960') in 0.101883 seconds
  Import took 0.104309 seconds .

========================================================================
Received Import Request.
  Time since last request: 9.838379 seconds.
  path: Assets/Materials/Ball.mat
  artifactKey: Guid(27cca2aa980a3b1429953782cf5b0c04) Importer(815301076,1909f56bfc062723c751e8b465ee728b)
Start importing Assets/Materials/Ball.mat using Guid(27cca2aa980a3b1429953782cf5b0c04) Importer(815301076,1909f56bfc062723c751e8b465ee728b)  -> (artifact id: '8fbca0783d71cc0178c88efaaa98fa87') in 0.032384 seconds
  Import took 0.034793 seconds .

========================================================================
Received Import Request.
  Time since last request: 0.000307 seconds.
  path: Assets/Materials/Hole.mat
  artifactKey: Guid(35014732033aec942979e5a8171b9713) Importer(815301076,1909f56bfc062723c751e8b465ee728b)
Start importing Assets/Materials/Hole.mat using Guid(35014732033aec942979e5a8171b9713) Importer(815301076,1909f56bfc062723c751e8b465ee728b)  -> (artifact id: '5fa2e0ac7aa6b2b5404ace1ea846426c') in 0.023055 seconds
  Import took 0.026066 seconds .

========================================================================
Received Import Request.
  Time since last request: 0.000585 seconds.
  path: Assets/Materials/DepthMask.mat
  artifactKey: Guid(3af1e519feaebea44a50b671f7717210) Importer(815301076,1909f56bfc062723c751e8b465ee728b)
Start importing Assets/Materials/DepthMask.mat using Guid(3af1e519feaebea44a50b671f7717210) Importer(815301076,1909f56bfc062723c751e8b465ee728b)  -> (artifact id: '6752a249e84ab6dc6723af55eac52ed3') in 0.021000 seconds
  Import took 0.024344 seconds .

========================================================================
Received Prepare
Registering precompiled user dll's ...
Registered in 0.001239 seconds.
Begin MonoManager ReloadAssembly
Native extension for WindowsStandalone target not found
Native extension for WebGL target not found
Refreshing native plugins compatible for Editor in 0.24 ms, found 0 plugins.
Preloading 0 native plugins for Editor in 0.00 ms.
Invoked RoslynAnalysisRunner static constructor.
RoslynAnalysisRunner will not be running.
RoslynAnalysisRunner has terminated.
Mono: successfully reloaded assembly
- Completed reload, in  0.847 seconds
Platform modules already initialized, skipping
Refreshing native plugins compatible for Editor in 0.23 ms, found 0 plugins.
Preloading 0 native plugins for Editor in 0.00 ms.
Unloading 1112 Unused Serialized files (Serialized files now loaded: 0)
System memory in use before: 62.1 MB.
System memory in use after: 62.1 MB.

Unloading 5 unused Assets to reduce memory usage. Loaded Objects now: 1663.
Total: 2.336000 ms (FindLiveObjects: 0.135000 ms CreateObjectMapping: 0.045900 ms MarkObjects: 2.073400 ms  DeleteObjects: 0.080400 ms)

========================================================================
Received Prepare
Registering precompiled user dll's ...
Registered in 0.000561 seconds.
Begin MonoManager ReloadAssembly
Native extension for WindowsStandalone target not found
Native extension for WebGL target not found
Refreshing native plugins compatible for Editor in 0.20 ms, found 0 plugins.
Preloading 0 native plugins for Editor in 0.00 ms.
Invoked RoslynAnalysisRunner static constructor.
RoslynAnalysisRunner will not be running.
RoslynAnalysisRunner has terminated.
Mono: successfully reloaded assembly
- Completed reload, in  0.917 seconds
Platform modules already initialized, skipping
Refreshing native plugins compatible for Editor in 0.19 ms, found 0 plugins.
Preloading 0 native plugins for Editor in 0.00 ms.
Unloading 1110 Unused Serialized files (Serialized files now loaded: 0)
System memory in use before: 61.8 MB.
System memory in use after: 61.9 MB.

Unloading 5 unused Assets to reduce memory usage. Loaded Objects now: 1667.
Total: 1.579500 ms (FindLiveObjects: 0.151500 ms CreateObjectMapping: 0.049200 ms MarkObjects: 1.326400 ms  DeleteObjects: 0.051400 ms)

========================================================================
Received Import Request.
  Time since last request: 832.184978 seconds.
  path: Assets/Scripts/DestroyObject.cs
  artifactKey: Guid(15489a2fb099a144e996d0b5f52f8f83) Importer(815301076,1909f56bfc062723c751e8b465ee728b)
Start importing Assets/Scripts/DestroyObject.cs using Guid(15489a2fb099a144e996d0b5f52f8f83) Importer(815301076,1909f56bfc062723c751e8b465ee728b)  -> (artifact id: '6ad4ef255042e68fd53e0433a630929a') in 0.008860 seconds
  Import took 0.010801 seconds .

========================================================================
Received Prepare
Registering precompiled user dll's ...
Registered in 0.000540 seconds.
Begin MonoManager ReloadAssembly
Native extension for WindowsStandalone target not found
Native extension for WebGL target not found
Refreshing native plugins compatible for Editor in 0.19 ms, found 0 plugins.
Preloading 0 native plugins for Editor in 0.00 ms.
Invoked RoslynAnalysisRunner static constructor.
RoslynAnalysisRunner will not be running.
RoslynAnalysisRunner has terminated.
Mono: successfully reloaded assembly
- Completed reload, in  0.727 seconds
Platform modules already initialized, skipping
Refreshing native plugins compatible for Editor in 0.19 ms, found 0 plugins.
Preloading 0 native plugins for Editor in 0.00 ms.
Unloading 1110 Unused Serialized files (Serialized files now loaded: 0)
System memory in use before: 61.8 MB.
System memory in use after: 61.9 MB.

Unloading 5 unused Assets to reduce memory usage. Loaded Objects now: 1670.
Total: 1.718400 ms (FindLiveObjects: 0.156300 ms CreateObjectMapping: 0.034500 ms MarkObjects: 1.428200 ms  DeleteObjects: 0.098400 ms)

========================================================================
Received Prepare
Registering precompiled user dll's ...
Registered in 0.000659 seconds.
Begin MonoManager ReloadAssembly
Native extension for WindowsStandalone target not found
Native extension for WebGL target not found
Refreshing native plugins compatible for Editor in 0.21 ms, found 0 plugins.
Preloading 0 native plugins for Editor in 0.00 ms.
Invoked RoslynAnalysisRunner static constructor.
RoslynAnalysisRunner will not be running.
RoslynAnalysisRunner has terminated.
Mono: successfully reloaded assembly
- Completed reload, in  0.782 seconds
Platform modules already initialized, skipping
Refreshing native plugins compatible for Editor in 0.22 ms, found 0 plugins.
Preloading 0 native plugins for Editor in 0.00 ms.
Unloading 1110 Unused Serialized files (Serialized files now loaded: 0)
System memory in use before: 61.8 MB.
System memory in use after: 61.9 MB.

Unloading 5 unused Assets to reduce memory usage. Loaded Objects now: 1673.
Total: 1.822700 ms (FindLiveObjects: 0.156100 ms CreateObjectMapping: 0.030200 ms MarkObjects: 1.588600 ms  DeleteObjects: 0.046600 ms)

========================================================================
Received Prepare
Registering precompiled user dll's ...
Registered in 0.000753 seconds.
Begin MonoManager ReloadAssembly
Native extension for WindowsStandalone target not found
Native extension for WebGL target not found
Refreshing native plugins compatible for Editor in 0.18 ms, found 0 plugins.
Preloading 0 native plugins for Editor in 0.00 ms.
Invoked RoslynAnalysisRunner static constructor.
RoslynAnalysisRunner will not be running.
RoslynAnalysisRunner has terminated.
Mono: successfully reloaded assembly
- Completed reload, in  0.744 seconds
Platform modules already initialized, skipping
Refreshing native plugins compatible for Editor in 0.21 ms, found 0 plugins.
Preloading 0 native plugins for Editor in 0.00 ms.
Unloading 1110 Unused Serialized files (Serialized files now loaded: 0)
System memory in use before: 61.9 MB.
System memory in use after: 61.9 MB.

Unloading 5 unused Assets to reduce memory usage. Loaded Objects now: 1676.
Total: 2.195400 ms (FindLiveObjects: 0.214900 ms CreateObjectMapping: 0.064700 ms MarkObjects: 1.833100 ms  DeleteObjects: 0.081600 ms)

========================================================================
Received Prepare
Registering precompiled user dll's ...
Registered in 0.000629 seconds.
Begin MonoManager ReloadAssembly
Native extension for WindowsStandalone target not found
Native extension for WebGL target not found
Refreshing native plugins compatible for Editor in 0.18 ms, found 0 plugins.
Preloading 0 native plugins for Editor in 0.00 ms.
Invoked RoslynAnalysisRunner static constructor.
RoslynAnalysisRunner will not be running.
RoslynAnalysisRunner has terminated.
Mono: successfully reloaded assembly
- Completed reload, in  0.679 seconds
Platform modules already initialized, skipping
Refreshing native plugins compatible for Editor in 0.20 ms, found 0 plugins.
Preloading 0 native plugins for Editor in 0.00 ms.
Unloading 1110 Unused Serialized files (Serialized files now loaded: 0)
System memory in use before: 61.9 MB.
System memory in use after: 61.9 MB.

Unloading 5 unused Assets to reduce memory usage. Loaded Objects now: 1679.
Total: 1.567400 ms (FindLiveObjects: 0.166700 ms CreateObjectMapping: 0.036200 ms MarkObjects: 1.314300 ms  DeleteObjects: 0.048700 ms)

AssetImportWorkerClient::OnTransportError - code=2 error=End of file
